# JRE version: OpenJDK Runtime Environment (11.0.4+11) (build 11.0.4+11-post-Ubuntu-1ubuntu218.04.3)
# Java VM: OpenJDK 64-Bit Server VM (11.0.4+11-post-Ubuntu-1ubuntu218.04.3, mixed mode, sharing, tiered, compressed oops, g1 gc, linux-amd64)
Heap:
 garbage-first heap   total 558080K, used 54650K [0x0000000085000000, 0x0000000100000000)
  region size 1024K, 8 young (8192K), 8 survivors (8192K)
 Metaspace       used 940K, capacity 4713K, committed 4864K, reserved 1056768K
  class space    used 74K, capacity 439K, committed 512K, reserved 1048576K
GC Heap History (10 events):
Event: 1,547 GC heap after
{Heap after GC invocations=4 (full 0):
 garbage-first heap   total 129024K, used 15479K [0x0000000085000000, 0x0000000100000000)
  region size 1024K, 2 young (2048K), 2 survivors (2048K)
 Metaspace       used 625K, capacity 4617K, committed 4864K, reserved 1056768K
  class space    used 45K, capacity 405K, committed 512K, reserved 1048576K
}
Event: 1,896 GC heap before
{Heap before GC invocations=4 (full 0):
 garbage-first heap   total 129024K, used 38007K [0x0000000085000000, 0x0000000100000000)
  region size 1024K, 24 young (24576K), 2 survivors (2048K)
 Metaspace       used 713K, capacity 4651K, committed 4864K, reserved 1056768K
  class space    used 56K, capacity 418K, committed 512K, reserved 1048576K
}
Event: 1,938 GC heap after
{Heap after GC invocations=5 (full 0):
 garbage-first heap   total 242688K, used 23051K [0x0000000085000000, 0x0000000100000000)
  region size 1024K, 3 young (3072K), 3 survivors (3072K)
 Metaspace       used 713K, capacity 4651K, committed 4864K, reserved 1056768K
  class space    used 56K, capacity 418K, committed 512K, reserved 1048576K
}
Event: 2,177 GC heap before
{Heap before GC invocations=5 (full 0):
 garbage-first heap   total 242688K, used 52747K [0x0000000085000000, 0x0000000100000000)
  region size 1024K, 32 young (32768K), 3 survivors (3072K)
 Metaspace       used 713K, capacity 4651K, committed 4864K, reserved 1056768K
  class space    used 56K, capacity 418K, committed 512K, reserved 1048576K
}
Event: 2,299 GC heap after
{Heap after GC invocations=6 (full 0):
 garbage-first heap   total 242688K, used 32641K [0x0000000085000000, 0x0000000100000000)
  region size 1024K, 4 young (4096K), 4 survivors (4096K)
 Metaspace       used 713K, capacity 4651K, committed 4864K, reserved 1056768K
  class space    used 56K, capacity 418K, committed 512K, reserved 1048576K
}
Event: 2,928 GC heap before
{Heap before GC invocations=6 (full 0):
 garbage-first heap   total 242688K, used 64385K [0x0000000085000000, 0x0000000100000000)
  region size 1024K, 35 young (35840K), 4 survivors (4096K)
 Metaspace       used 897K, capacity 4713K, committed 4864K, reserved 1056768K
  class space    used 74K, capacity 439K, committed 512K, reserved 1048576K
}
Event: 2,986 GC heap after
{Heap after GC invocations=7 (full 0):
 garbage-first heap   total 242688K, used 35049K [0x0000000085000000, 0x0000000100000000)
  region size 1024K, 2 young (2048K), 2 survivors (2048K)
 Metaspace       used 897K, capacity 4713K, committed 4864K, reserved 1056768K
  class space    used 74K, capacity 439K, committed 512K, reserved 1048576K
}
Event: 3,507 GC heap before
{Heap before GC invocations=7 (full 0):
 garbage-first heap   total 242688K, used 73961K [0x0000000085000000, 0x0000000100000000)
  region size 1024K, 40 young (40960K), 2 survivors (2048K)
 Metaspace       used 931K, capacity 4713K, committed 4864K, reserved 1056768K
  class space    used 74K, capacity 439K, committed 512K, reserved 1048576K
}
Event: 3,542 GC heap after
{Heap after GC invocations=8 (full 0):
 garbage-first heap   total 242688K, used 44126K [0x0000000085000000, 0x0000000100000000)
  region size 1024K, 5 young (5120K), 5 survivors (5120K)
 Metaspace       used 931K, capacity 4713K, committed 4864K, reserved 1056768K
  class space    used 74K, capacity 439K, committed 512K, reserved 1048576K
}
Event: 4,177 GC heap before
{Heap before GC invocations=8 (full 0):
 garbage-first heap   total 242688K, used 100446K [0x0000000085000000, 0x0000000100000000)
  region size 1024K, 60 young (61440K), 5 survivors (5120K)
 Metaspace       used 940K, capacity 4713K, committed 4864K, reserved 1056768K
  class space    used 74K, capacity 439K, committed 512K, reserved 1048576K
}

